# JRE version: OpenJDK Runtime Environment Temurin-17.0.13+11 (17.0.13+11) (build 17.0.13+11)
# Java VM: OpenJDK 64-Bit Server VM Temurin-17.0.13+11 (17.0.13+11, mixed mode, tiered, compressed oops, compressed class ptrs, parallel gc, windows-amd64)
GC Precious Log:
 CPUs: 4 total, 4 available
 Memory: 8144M
 Large Page Support: Disabled
 NUMA Support: Disabled
 Compressed Oops: Enabled (32-bit)
 Alignments: Space 512K, Generation 512K, Heap 2M
 Heap Min Capacity: 100M
 Heap Initial Capacity: 100M
 Heap Max Capacity: 1G
 Pre-touch: Disabled
 Parallel Workers: 4
Heap:
 PSYoungGen      total 86528K, used 30026K [0x00000000eab00000, 0x00000000f6500000, 0x0000000100000000)
  eden space 63488K, 11% used [0x00000000eab00000,0x00000000eb1d9ee8,0x00000000ee900000)
  from space 23040K, 99% used [0x00000000eeb00000,0x00000000f0178bc0,0x00000000f0180000)
  to   space 63488K, 0% used [0x00000000f2700000,0x00000000f2700000,0x00000000f6500000)
 ParOldGen       total 385536K, used 333208K [0x00000000c0000000, 0x00000000d7880000, 0x00000000eab00000)
  object space 385536K, 86% used [0x00000000c0000000,0x00000000d4566030,0x00000000d7880000)
 Metaspace       used 73583K, committed 74816K, reserved 1179648K
  class space    used 7658K, committed 8192K, reserved 1048576K
GC Heap History (20 events):
Event: 72.828 GC heap before
{Heap before GC invocations=92 (full 7):
 PSYoungGen      total 50688K, used 50327K [0x00000000eab00000, 0x00000000eee80000, 0x0000000100000000)
  eden space 39424K, 100% used [0x00000000eab00000,0x00000000ed180000,0x00000000ed180000)
  from space 11264K, 96% used [0x00000000ee380000,0x00000000eee25c48,0x00000000eee80000)
  to   space 13312K, 0% used [0x00000000ed480000,0x00000000ed480000,0x00000000ee180000)
 ParOldGen       total 277504K, used 204970K [0x00000000c0000000, 0x00000000d0f00000, 0x00000000eab00000)
  object space 277504K, 73% used [0x00000000c0000000,0x00000000cc82a9c8,0x00000000d0f00000)
 Metaspace       used 73346K, committed 74624K, reserved 1179648K
  class space    used 7642K, committed 8192K, reserved 1048576K
}
Event: 72.841 GC heap after
{Heap after GC invocations=92 (full 7):
 PSYoungGen      total 55808K, used 13308K [0x00000000eab00000, 0x00000000efd80000, 0x0000000100000000)
  eden space 42496K, 0% used [0x00000000eab00000,0x00000000eab00000,0x00000000ed480000)
  from space 13312K, 99% used [0x00000000ed480000,0x00000000ee17f3f8,0x00000000ee180000)
  to   space 20992K, 0% used [0x00000000ee900000,0x00000000ee900000,0x00000000efd80000)
 ParOldGen       total 277504K, used 210831K [0x00000000c0000000, 0x00000000d0f00000, 0x00000000eab00000)
  object space 277504K, 75% used [0x00000000c0000000,0x00000000ccde3fc0,0x00000000d0f00000)
 Metaspace       used 73346K, committed 74624K, reserved 1179648K
  class space    used 7642K, committed 8192K, reserved 1048576K
}
Event: 72.978 GC heap before
{Heap before GC invocations=93 (full 7):
 PSYoungGen      total 55808K, used 55804K [0x00000000eab00000, 0x00000000efd80000, 0x0000000100000000)
  eden space 42496K, 100% used [0x00000000eab00000,0x00000000ed480000,0x00000000ed480000)
  from space 13312K, 99% used [0x00000000ed480000,0x00000000ee17f3f8,0x00000000ee180000)
  to   space 20992K, 0% used [0x00000000ee900000,0x00000000ee900000,0x00000000efd80000)
 ParOldGen       total 277504K, used 210831K [0x00000000c0000000, 0x00000000d0f00000, 0x00000000eab00000)
  object space 277504K, 75% used [0x00000000c0000000,0x00000000ccde3fc0,0x00000000d0f00000)
 Metaspace       used 73348K, committed 74624K, reserved 1179648K
  class space    used 7642K, committed 8192K, reserved 1048576K
}
Event: 72.996 GC heap after
{Heap after GC invocations=93 (full 7):
 PSYoungGen      total 55808K, used 9639K [0x00000000eab00000, 0x00000000ef280000, 0x0000000100000000)
  eden space 46080K, 0% used [0x00000000eab00000,0x00000000eab00000,0x00000000ed800000)
  from space 9728K, 99% used [0x00000000ee900000,0x00000000ef269dd8,0x00000000ef280000)
  to   space 13312K, 0% used [0x00000000ed880000,0x00000000ed880000,0x00000000ee580000)
 ParOldGen       total 277504K, used 224170K [0x00000000c0000000, 0x00000000d0f00000, 0x00000000eab00000)
  object space 277504K, 80% used [0x00000000c0000000,0x00000000cdaeab18,0x00000000d0f00000)
 Metaspace       used 73348K, committed 74624K, reserved 1179648K
  class space    used 7642K, committed 8192K, reserved 1048576K
}
Event: 73.164 GC heap before
{Heap before GC invocations=94 (full 7):
 PSYoungGen      total 55808K, used 55719K [0x00000000eab00000, 0x00000000ef280000, 0x0000000100000000)
  eden space 46080K, 100% used [0x00000000eab00000,0x00000000ed800000,0x00000000ed800000)
  from space 9728K, 99% used [0x00000000ee900000,0x00000000ef269dd8,0x00000000ef280000)
  to   space 13312K, 0% used [0x00000000ed880000,0x00000000ed880000,0x00000000ee580000)
 ParOldGen       total 277504K, used 224170K [0x00000000c0000000, 0x00000000d0f00000, 0x00000000eab00000)
  object space 277504K, 80% used [0x00000000c0000000,0x00000000cdaeab18,0x00000000d0f00000)
 Metaspace       used 73348K, committed 74624K, reserved 1179648K
  class space    used 7642K, committed 8192K, reserved 1048576K
}
Event: 73.175 GC heap after
{Heap after GC invocations=94 (full 7):
 PSYoungGen      total 59904K, used 13306K [0x00000000eab00000, 0x00000000f0580000, 0x0000000100000000)
  eden space 46592K, 0% used [0x00000000eab00000,0x00000000eab00000,0x00000000ed880000)
  from space 13312K, 99% used [0x00000000ed880000,0x00000000ee57e988,0x00000000ee580000)
  to   space 21504K, 0% used [0x00000000ef080000,0x00000000ef080000,0x00000000f0580000)
 ParOldGen       total 277504K, used 230530K [0x00000000c0000000, 0x00000000d0f00000, 0x00000000eab00000)
  object space 277504K, 83% used [0x00000000c0000000,0x00000000ce120bf0,0x00000000d0f00000)
 Metaspace       used 73348K, committed 74624K, reserved 1179648K
  class space    used 7642K, committed 8192K, reserved 1048576K
}
Event: 73.406 GC heap before
{Heap before GC invocations=95 (full 7):
 PSYoungGen      total 59904K, used 59898K [0x00000000eab00000, 0x00000000f0580000, 0x0000000100000000)
  eden space 46592K, 100% used [0x00000000eab00000,0x00000000ed880000,0x00000000ed880000)
  from space 13312K, 99% used [0x00000000ed880000,0x00000000ee57e988,0x00000000ee580000)
  to   space 21504K, 0% used [0x00000000ef080000,0x00000000ef080000,0x00000000f0580000)
 ParOldGen       total 277504K, used 230530K [0x00000000c0000000, 0x00000000d0f00000, 0x00000000eab00000)
  object space 277504K, 83% used [0x00000000c0000000,0x00000000ce120bf0,0x00000000d0f00000)
 Metaspace       used 73348K, committed 74624K, reserved 1179648K
  class space    used 7642K, committed 8192K, reserved 1048576K
}
Event: 73.436 GC heap after
{Heap after GC invocations=95 (full 7):
 PSYoungGen      total 60928K, used 10485K [0x00000000eab00000, 0x00000000efb00000, 0x0000000100000000)
  eden space 50176K, 0% used [0x00000000eab00000,0x00000000eab00000,0x00000000edc00000)
  from space 10752K, 97% used [0x00000000ef080000,0x00000000efabd418,0x00000000efb00000)
  to   space 13824K, 0% used [0x00000000ee000000,0x00000000ee000000,0x00000000eed80000)
 ParOldGen       total 277504K, used 243446K [0x00000000c0000000, 0x00000000d0f00000, 0x00000000eab00000)
  object space 277504K, 87% used [0x00000000c0000000,0x00000000cedbdb70,0x00000000d0f00000)
 Metaspace       used 73348K, committed 74624K, reserved 1179648K
  class space    used 7642K, committed 8192K, reserved 1048576K
}
Event: 73.751 GC heap before
{Heap before GC invocations=96 (full 7):
 PSYoungGen      total 60928K, used 60661K [0x00000000eab00000, 0x00000000efb00000, 0x0000000100000000)
  eden space 50176K, 100% used [0x00000000eab00000,0x00000000edc00000,0x00000000edc00000)
  from space 10752K, 97% used [0x00000000ef080000,0x00000000efabd418,0x00000000efb00000)
  to   space 13824K, 0% used [0x00000000ee000000,0x00000000ee000000,0x00000000eed80000)
 ParOldGen       total 277504K, used 243446K [0x00000000c0000000, 0x00000000d0f00000, 0x00000000eab00000)
  object space 277504K, 87% used [0x00000000c0000000,0x00000000cedbdb70,0x00000000d0f00000)
 Metaspace       used 73348K, committed 74624K, reserved 1179648K
  class space    used 7642K, committed 8192K, reserved 1048576K
}
Event: 73.762 GC heap after
{Heap after GC invocations=96 (full 7):
 PSYoungGen      total 67584K, used 13799K [0x00000000eab00000, 0x00000000f0c80000, 0x0000000100000000)
  eden space 53760K, 0% used [0x00000000eab00000,0x00000000eab00000,0x00000000edf80000)
  from space 13824K, 99% used [0x00000000ee000000,0x00000000eed79ea0,0x00000000eed80000)
  to   space 23040K, 0% used [0x00000000ef600000,0x00000000ef600000,0x00000000f0c80000)
 ParOldGen       total 277504K, used 250648K [0x00000000c0000000, 0x00000000d0f00000, 0x00000000eab00000)
  object space 277504K, 90% used [0x00000000c0000000,0x00000000cf4c6258,0x00000000d0f00000)
 Metaspace       used 73348K, committed 74624K, reserved 1179648K
  class space    used 7642K, committed 8192K, reserved 1048576K
}
Event: 74.009 GC heap before
{Heap before GC invocations=97 (full 7):
 PSYoungGen      total 67584K, used 67559K [0x00000000eab00000, 0x00000000f0c80000, 0x0000000100000000)
  eden space 53760K, 100% used [0x00000000eab00000,0x00000000edf80000,0x00000000edf80000)
  from space 13824K, 99% used [0x00000000ee000000,0x00000000eed79ea0,0x00000000eed80000)
  to   space 23040K, 0% used [0x00000000ef600000,0x00000000ef600000,0x00000000f0c80000)
 ParOldGen       total 277504K, used 250648K [0x00000000c0000000, 0x00000000d0f00000, 0x00000000eab00000)
  object space 277504K, 90% used [0x00000000c0000000,0x00000000cf4c6258,0x00000000d0f00000)
 Metaspace       used 73348K, committed 74624K, reserved 1179648K
  class space    used 7642K, committed 8192K, reserved 1048576K
}
Event: 74.026 GC heap after
{Heap after GC invocations=97 (full 7):
 PSYoungGen      total 69632K, used 12228K [0x00000000eab00000, 0x00000000f0200000, 0x0000000100000000)
  eden space 57344K, 0% used [0x00000000eab00000,0x00000000eab00000,0x00000000ee300000)
  from space 12288K, 99% used [0x00000000ef600000,0x00000000f01f1130,0x00000000f0200000)
  to   space 15872K, 0% used [0x00000000ee300000,0x00000000ee300000,0x00000000ef280000)
 ParOldGen       total 277504K, used 263801K [0x00000000c0000000, 0x00000000d0f00000, 0x00000000eab00000)
  object space 277504K, 95% used [0x00000000c0000000,0x00000000d019e680,0x00000000d0f00000)
 Metaspace       used 73348K, committed 74624K, reserved 1179648K
  class space    used 7642K, committed 8192K, reserved 1048576K
}
Event: 74.633 GC heap before
{Heap before GC invocations=98 (full 8):
 PSYoungGen      total 69632K, used 69572K [0x00000000eab00000, 0x00000000f0200000, 0x0000000100000000)
  eden space 57344K, 100% used [0x00000000eab00000,0x00000000ee300000,0x00000000ee300000)
  from space 12288K, 99% used [0x00000000ef600000,0x00000000f01f1130,0x00000000f0200000)
  to   space 15872K, 0% used [0x00000000ee300000,0x00000000ee300000,0x00000000ef280000)
 ParOldGen       total 277504K, used 263801K [0x00000000c0000000, 0x00000000d0f00000, 0x00000000eab00000)
  object space 277504K, 95% used [0x00000000c0000000,0x00000000d019e680,0x00000000d0f00000)
 Metaspace       used 73367K, committed 74624K, reserved 1179648K
  class space    used 7643K, committed 8192K, reserved 1048576K
}
Event: 74.942 GC heap after
{Heap after GC invocations=98 (full 8):
 PSYoungGen      total 73216K, used 4913K [0x00000000eab00000, 0x00000000f0600000, 0x0000000100000000)
  eden space 60928K, 0% used [0x00000000eab00000,0x00000000eab00000,0x00000000ee680000)
  from space 12288K, 39% used [0x00000000ef600000,0x00000000efacc4e0,0x00000000f0200000)
  to   space 15872K, 0% used [0x00000000ee680000,0x00000000ee680000,0x00000000ef600000)
 ParOldGen       total 385536K, used 277317K [0x00000000c0000000, 0x00000000d7880000, 0x00000000eab00000)
  object space 385536K, 71% used [0x00000000c0000000,0x00000000d0ed15f8,0x00000000d7880000)
 Metaspace       used 73367K, committed 74624K, reserved 1179648K
  class space    used 7643K, committed 8192K, reserved 1048576K
}
Event: 75.119 GC heap before
{Heap before GC invocations=99 (full 8):
 PSYoungGen      total 73216K, used 65841K [0x00000000eab00000, 0x00000000f0600000, 0x0000000100000000)
  eden space 60928K, 100% used [0x00000000eab00000,0x00000000ee680000,0x00000000ee680000)
  from space 12288K, 39% used [0x00000000ef600000,0x00000000efacc4e0,0x00000000f0200000)
  to   space 15872K, 0% used [0x00000000ee680000,0x00000000ee680000,0x00000000ef600000)
 ParOldGen       total 385536K, used 277317K [0x00000000c0000000, 0x00000000d7880000, 0x00000000eab00000)
  object space 385536K, 71% used [0x00000000c0000000,0x00000000d0ed15f8,0x00000000d7880000)
 Metaspace       used 73367K, committed 74624K, reserved 1179648K
  class space    used 7643K, committed 8192K, reserved 1048576K
}
Event: 75.149 GC heap after
{Heap after GC invocations=99 (full 8):
 PSYoungGen      total 76800K, used 15847K [0x00000000eab00000, 0x00000000f1980000, 0x0000000100000000)
  eden space 60928K, 0% used [0x00000000eab00000,0x00000000eab00000,0x00000000ee680000)
  from space 15872K, 99% used [0x00000000ee680000,0x00000000ef5f9d28,0x00000000ef600000)
  to   space 24064K, 0% used [0x00000000f0200000,0x00000000f0200000,0x00000000f1980000)
 ParOldGen       total 385536K, used 283586K [0x00000000c0000000, 0x00000000d7880000, 0x00000000eab00000)
  object space 385536K, 73% used [0x00000000c0000000,0x00000000d14f0a68,0x00000000d7880000)
 Metaspace       used 73367K, committed 74624K, reserved 1179648K
  class space    used 7643K, committed 8192K, reserved 1048576K
}
Event: 75.508 GC heap before
{Heap before GC invocations=100 (full 8):
 PSYoungGen      total 76800K, used 76775K [0x00000000eab00000, 0x00000000f1980000, 0x0000000100000000)
  eden space 60928K, 100% used [0x00000000eab00000,0x00000000ee680000,0x00000000ee680000)
  from space 15872K, 99% used [0x00000000ee680000,0x00000000ef5f9d28,0x00000000ef600000)
  to   space 24064K, 0% used [0x00000000f0200000,0x00000000f0200000,0x00000000f1980000)
 ParOldGen       total 385536K, used 283586K [0x00000000c0000000, 0x00000000d7880000, 0x00000000eab00000)
  object space 385536K, 73% used [0x00000000c0000000,0x00000000d14f0a68,0x00000000d7880000)
 Metaspace       used 73380K, committed 74688K, reserved 1179648K
  class space    used 7644K, committed 8192K, reserved 1048576K
}
Event: 75.527 GC heap after
{Heap after GC invocations=100 (full 8):
 PSYoungGen      total 87040K, used 22178K [0x00000000eab00000, 0x00000000f1800000, 0x0000000100000000)
  eden space 64512K, 0% used [0x00000000eab00000,0x00000000eab00000,0x00000000eea00000)
  from space 22528K, 98% used [0x00000000f0200000,0x00000000f17a8850,0x00000000f1800000)
  to   space 23040K, 0% used [0x00000000eeb00000,0x00000000eeb00000,0x00000000f0180000)
 ParOldGen       total 385536K, used 299194K [0x00000000c0000000, 0x00000000d7880000, 0x00000000eab00000)
  object space 385536K, 77% used [0x00000000c0000000,0x00000000d242eaf0,0x00000000d7880000)
 Metaspace       used 73380K, committed 74688K, reserved 1179648K
  class space    used 7644K, committed 8192K, reserved 1048576K
}
Event: 77.121 GC heap before
{Heap before GC invocations=101 (full 8):
 PSYoungGen      total 87040K, used 86690K [0x00000000eab00000, 0x00000000f1800000, 0x0000000100000000)
  eden space 64512K, 100% used [0x00000000eab00000,0x00000000eea00000,0x00000000eea00000)
  from space 22528K, 98% used [0x00000000f0200000,0x00000000f17a8850,0x00000000f1800000)
  to   space 23040K, 0% used [0x00000000eeb00000,0x00000000eeb00000,0x00000000f0180000)
 ParOldGen       total 385536K, used 299194K [0x00000000c0000000, 0x00000000d7880000, 0x00000000eab00000)
  object space 385536K, 77% used [0x00000000c0000000,0x00000000d242eaf0,0x00000000d7880000)
 Metaspace       used 73543K, committed 74816K, reserved 1179648K
  class space    used 7656K, committed 8192K, reserved 1048576K
}
Event: 77.175 GC heap after
{Heap after GC invocations=101 (full 8):
 PSYoungGen      total 86528K, used 23010K [0x00000000eab00000, 0x00000000f6500000, 0x0000000100000000)
  eden space 63488K, 0% used [0x00000000eab00000,0x00000000eab00000,0x00000000ee900000)
  from space 23040K, 99% used [0x00000000eeb00000,0x00000000f0178bc0,0x00000000f0180000)
  to   space 63488K, 0% used [0x00000000f2700000,0x00000000f2700000,0x00000000f6500000)
 ParOldGen       total 385536K, used 333208K [0x00000000c0000000, 0x00000000d7880000, 0x00000000eab00000)
  object space 385536K, 86% used [0x00000000c0000000,0x00000000d4566030,0x00000000d7880000)
 Metaspace       used 73543K, committed 74816K, reserved 1179648K
  class space    used 7656K, committed 8192K, reserved 1048576K
}

