# JRE version: OpenJDK Runtime Environment Temurin-17.0.13+11 (17.0.13+11) (build 17.0.13+11)
# Java VM: OpenJDK 64-Bit Server VM Temurin-17.0.13+11 (17.0.13+11, mixed mode, tiered, compressed oops, compressed class ptrs, parallel gc, windows-amd64)
GC Precious Log:
 CPUs: 4 total, 4 available
 Memory: 8144M
 Large Page Support: Disabled
 NUMA Support: Disabled
 Compressed Oops: Enabled (32-bit)
 Alignments: Space 512K, Generation 512K, Heap 2M
 Heap Min Capacity: 100M
 Heap Initial Capacity: 100M
 Heap Max Capacity: 1G
 Pre-touch: Disabled
 Parallel Workers: 4
Heap:
 PSYoungGen      total 16896K, used 12460K [0x00000000eab00000, 0x00000000ece80000, 0x0000000100000000)
  eden space 6656K, 33% used [0x00000000eab00000,0x00000000ead2ccd8,0x00000000eb180000)
  from space 10240K, 99% used [0x00000000eb300000,0x00000000ebcfe6d0,0x00000000ebd00000)
  to   space 14848K, 0% used [0x00000000ec000000,0x00000000ec000000,0x00000000ece80000)
 ParOldGen       total 339968K, used 308213K [0x00000000c0000000, 0x00000000d4c00000, 0x00000000eab00000)
  object space 339968K, 90% used [0x00000000c0000000,0x00000000d2cfd638,0x00000000d4c00000)
 Metaspace       used 68852K, committed 70016K, reserved 1114112K
  class space    used 7079K, committed 7552K, reserved 1048576K
GC Heap History (20 events):
Event: 23.806 GC heap before
{Heap before GC invocations=118 (full 9):
 PSYoungGen      total 19456K, used 19072K [0x00000000eab00000, 0x00000000ec880000, 0x0000000100000000)
  eden space 13824K, 99% used [0x00000000eab00000,0x00000000eb87d428,0x00000000eb880000)
  from space 5632K, 93% used [0x00000000eb880000,0x00000000ebda2c78,0x00000000ebe00000)
  to   space 7168K, 0% used [0x00000000ec180000,0x00000000ec180000,0x00000000ec880000)
 ParOldGen       total 277504K, used 260844K [0x00000000c0000000, 0x00000000d0f00000, 0x00000000eab00000)
  object space 277504K, 93% used [0x00000000c0000000,0x00000000cfebb268,0x00000000d0f00000)
 Metaspace       used 68840K, committed 70016K, reserved 1114112K
  class space    used 7078K, committed 7552K, reserved 1048576K
}
Event: 23.810 GC heap after
{Heap after GC invocations=118 (full 9):
 PSYoungGen      total 21504K, used 5562K [0x00000000eab00000, 0x00000000ec700000, 0x0000000100000000)
  eden space 15872K, 0% used [0x00000000eab00000,0x00000000eab00000,0x00000000eba80000)
  from space 5632K, 98% used [0x00000000ec180000,0x00000000ec6eeb58,0x00000000ec700000)
  to   space 6144K, 0% used [0x00000000ebb00000,0x00000000ebb00000,0x00000000ec100000)
 ParOldGen       total 277504K, used 265924K [0x00000000c0000000, 0x00000000d0f00000, 0x00000000eab00000)
  object space 277504K, 95% used [0x00000000c0000000,0x00000000d03b10c8,0x00000000d0f00000)
 Metaspace       used 68840K, committed 70016K, reserved 1114112K
  class space    used 7078K, committed 7552K, reserved 1048576K
}
Event: 23.831 GC heap before
{Heap before GC invocations=119 (full 9):
 PSYoungGen      total 21504K, used 21434K [0x00000000eab00000, 0x00000000ec700000, 0x0000000100000000)
  eden space 15872K, 100% used [0x00000000eab00000,0x00000000eba80000,0x00000000eba80000)
  from space 5632K, 98% used [0x00000000ec180000,0x00000000ec6eeb58,0x00000000ec700000)
  to   space 6144K, 0% used [0x00000000ebb00000,0x00000000ebb00000,0x00000000ec100000)
 ParOldGen       total 277504K, used 265924K [0x00000000c0000000, 0x00000000d0f00000, 0x00000000eab00000)
  object space 277504K, 95% used [0x00000000c0000000,0x00000000d03b10c8,0x00000000d0f00000)
 Metaspace       used 68840K, committed 70016K, reserved 1114112K
  class space    used 7078K, committed 7552K, reserved 1048576K
}
Event: 23.835 GC heap after
{Heap after GC invocations=119 (full 9):
 PSYoungGen      total 22528K, used 5931K [0x00000000eab00000, 0x00000000ec880000, 0x0000000100000000)
  eden space 16384K, 0% used [0x00000000eab00000,0x00000000eab00000,0x00000000ebb00000)
  from space 6144K, 96% used [0x00000000ebb00000,0x00000000ec0caf60,0x00000000ec100000)
  to   space 6144K, 0% used [0x00000000ec280000,0x00000000ec280000,0x00000000ec880000)
 ParOldGen       total 277504K, used 271393K [0x00000000c0000000, 0x00000000d0f00000, 0x00000000eab00000)
  object space 277504K, 97% used [0x00000000c0000000,0x00000000d0908690,0x00000000d0f00000)
 Metaspace       used 68840K, committed 70016K, reserved 1114112K
  class space    used 7078K, committed 7552K, reserved 1048576K
}
Event: 24.029 GC heap before
{Heap before GC invocations=120 (full 9):
 PSYoungGen      total 22528K, used 22315K [0x00000000eab00000, 0x00000000ec880000, 0x0000000100000000)
  eden space 16384K, 100% used [0x00000000eab00000,0x00000000ebb00000,0x00000000ebb00000)
  from space 6144K, 96% used [0x00000000ebb00000,0x00000000ec0caf60,0x00000000ec100000)
  to   space 6144K, 0% used [0x00000000ec280000,0x00000000ec280000,0x00000000ec880000)
 ParOldGen       total 277504K, used 271393K [0x00000000c0000000, 0x00000000d0f00000, 0x00000000eab00000)
  object space 277504K, 97% used [0x00000000c0000000,0x00000000d0908690,0x00000000d0f00000)
 Metaspace       used 68852K, committed 70016K, reserved 1114112K
  class space    used 7079K, committed 7552K, reserved 1048576K
}
Event: 24.035 GC heap after
{Heap after GC invocations=120 (full 9):
 PSYoungGen      total 23040K, used 4469K [0x00000000eab00000, 0x00000000ec700000, 0x0000000100000000)
  eden space 18432K, 0% used [0x00000000eab00000,0x00000000eab00000,0x00000000ebd00000)
  from space 4608K, 97% used [0x00000000ec280000,0x00000000ec6dd768,0x00000000ec700000)
  to   space 5120K, 0% used [0x00000000ebd00000,0x00000000ebd00000,0x00000000ec200000)
 ParOldGen       total 277504K, used 277188K [0x00000000c0000000, 0x00000000d0f00000, 0x00000000eab00000)
  object space 277504K, 99% used [0x00000000c0000000,0x00000000d0eb10e0,0x00000000d0f00000)
 Metaspace       used 68852K, committed 70016K, reserved 1114112K
  class space    used 7079K, committed 7552K, reserved 1048576K
}
Event: 24.365 GC heap before
{Heap before GC invocations=121 (full 10):
 PSYoungGen      total 23040K, used 22239K [0x00000000eab00000, 0x00000000ec700000, 0x0000000100000000)
  eden space 18432K, 96% used [0x00000000eab00000,0x00000000ebc5a730,0x00000000ebd00000)
  from space 4608K, 97% used [0x00000000ec280000,0x00000000ec6dd768,0x00000000ec700000)
  to   space 5120K, 0% used [0x00000000ebd00000,0x00000000ebd00000,0x00000000ec200000)
 ParOldGen       total 277504K, used 277188K [0x00000000c0000000, 0x00000000d0f00000, 0x00000000eab00000)
  object space 277504K, 99% used [0x00000000c0000000,0x00000000d0eb10e0,0x00000000d0f00000)
 Metaspace       used 68852K, committed 70016K, reserved 1114112K
  class space    used 7079K, committed 7552K, reserved 1048576K
}
Event: 24.705 GC heap after
{Heap after GC invocations=121 (full 10):
 PSYoungGen      total 23552K, used 13618K [0x00000000eab00000, 0x00000000ec900000, 0x0000000100000000)
  eden space 18432K, 73% used [0x00000000eab00000,0x00000000eb84c908,0x00000000ebd00000)
  from space 5120K, 0% used [0x00000000ebd00000,0x00000000ebd00000,0x00000000ec200000)
  to   space 4608K, 0% used [0x00000000ec280000,0x00000000ec280000,0x00000000ec700000)
 ParOldGen       total 339968K, used 277400K [0x00000000c0000000, 0x00000000d4c00000, 0x00000000eab00000)
  object space 339968K, 81% used [0x00000000c0000000,0x00000000d0ee63f0,0x00000000d4c00000)
 Metaspace       used 68852K, committed 70016K, reserved 1114112K
  class space    used 7079K, committed 7552K, reserved 1048576K
}
Event: 24.766 GC heap before
{Heap before GC invocations=122 (full 10):
 PSYoungGen      total 23552K, used 18196K [0x00000000eab00000, 0x00000000ec900000, 0x0000000100000000)
  eden space 18432K, 98% used [0x00000000eab00000,0x00000000ebcc5098,0x00000000ebd00000)
  from space 5120K, 0% used [0x00000000ebd00000,0x00000000ebd00000,0x00000000ec200000)
  to   space 4608K, 0% used [0x00000000ec280000,0x00000000ec280000,0x00000000ec700000)
 ParOldGen       total 339968K, used 277400K [0x00000000c0000000, 0x00000000d4c00000, 0x00000000eab00000)
  object space 339968K, 81% used [0x00000000c0000000,0x00000000d0ee63f0,0x00000000d4c00000)
 Metaspace       used 68852K, committed 70016K, reserved 1114112K
  class space    used 7079K, committed 7552K, reserved 1048576K
}
Event: 24.794 GC heap after
{Heap after GC invocations=122 (full 10):
 PSYoungGen      total 9216K, used 4607K [0x00000000eab00000, 0x00000000ee500000, 0x0000000100000000)
  eden space 4608K, 0% used [0x00000000eab00000,0x00000000eab00000,0x00000000eaf80000)
  from space 4608K, 99% used [0x00000000ec280000,0x00000000ec6ffc38,0x00000000ec700000)
  to   space 19456K, 0% used [0x00000000eaf80000,0x00000000eaf80000,0x00000000ec280000)
 ParOldGen       total 339968K, used 289788K [0x00000000c0000000, 0x00000000d4c00000, 0x00000000eab00000)
  object space 339968K, 85% used [0x00000000c0000000,0x00000000d1aff380,0x00000000d4c00000)
 Metaspace       used 68852K, committed 70016K, reserved 1114112K
  class space    used 7079K, committed 7552K, reserved 1048576K
}
Event: 24.864 GC heap before
{Heap before GC invocations=123 (full 10):
 PSYoungGen      total 9216K, used 9187K [0x00000000eab00000, 0x00000000ee500000, 0x0000000100000000)
  eden space 4608K, 99% used [0x00000000eab00000,0x00000000eaf793c0,0x00000000eaf80000)
  from space 4608K, 99% used [0x00000000ec280000,0x00000000ec6ffc38,0x00000000ec700000)
  to   space 19456K, 0% used [0x00000000eaf80000,0x00000000eaf80000,0x00000000ec280000)
 ParOldGen       total 339968K, used 289788K [0x00000000c0000000, 0x00000000d4c00000, 0x00000000eab00000)
  object space 339968K, 85% used [0x00000000c0000000,0x00000000d1aff380,0x00000000d4c00000)
 Metaspace       used 68852K, committed 70016K, reserved 1114112K
  class space    used 7079K, committed 7552K, reserved 1048576K
}
Event: 24.871 GC heap after
{Heap after GC invocations=123 (full 10):
 PSYoungGen      total 9216K, used 4598K [0x00000000eab00000, 0x00000000ec300000, 0x0000000100000000)
  eden space 4608K, 0% used [0x00000000eab00000,0x00000000eab00000,0x00000000eaf80000)
  from space 4608K, 99% used [0x00000000eaf80000,0x00000000eb3fdba0,0x00000000eb400000)
  to   space 9216K, 0% used [0x00000000eba00000,0x00000000eba00000,0x00000000ec300000)
 ParOldGen       total 339968K, used 294289K [0x00000000c0000000, 0x00000000d4c00000, 0x00000000eab00000)
  object space 339968K, 86% used [0x00000000c0000000,0x00000000d1f645f8,0x00000000d4c00000)
 Metaspace       used 68852K, committed 70016K, reserved 1114112K
  class space    used 7079K, committed 7552K, reserved 1048576K
}
Event: 24.948 GC heap before
{Heap before GC invocations=124 (full 10):
 PSYoungGen      total 9216K, used 9192K [0x00000000eab00000, 0x00000000ec300000, 0x0000000100000000)
  eden space 4608K, 99% used [0x00000000eab00000,0x00000000eaf7c4d8,0x00000000eaf80000)
  from space 4608K, 99% used [0x00000000eaf80000,0x00000000eb3fdba0,0x00000000eb400000)
  to   space 9216K, 0% used [0x00000000eba00000,0x00000000eba00000,0x00000000ec300000)
 ParOldGen       total 339968K, used 294289K [0x00000000c0000000, 0x00000000d4c00000, 0x00000000eab00000)
  object space 339968K, 86% used [0x00000000c0000000,0x00000000d1f645f8,0x00000000d4c00000)
 Metaspace       used 68852K, committed 70016K, reserved 1114112K
  class space    used 7079K, committed 7552K, reserved 1048576K
}
Event: 24.956 GC heap after
{Heap after GC invocations=124 (full 10):
 PSYoungGen      total 14336K, used 9086K [0x00000000eab00000, 0x00000000ec400000, 0x0000000100000000)
  eden space 5120K, 0% used [0x00000000eab00000,0x00000000eab00000,0x00000000eb000000)
  from space 9216K, 98% used [0x00000000eba00000,0x00000000ec2df860,0x00000000ec300000)
  to   space 10240K, 0% used [0x00000000eb000000,0x00000000eb000000,0x00000000eba00000)
 ParOldGen       total 339968K, used 294289K [0x00000000c0000000, 0x00000000d4c00000, 0x00000000eab00000)
  object space 339968K, 86% used [0x00000000c0000000,0x00000000d1f645f8,0x00000000d4c00000)
 Metaspace       used 68852K, committed 70016K, reserved 1114112K
  class space    used 7079K, committed 7552K, reserved 1048576K
}
Event: 25.004 GC heap before
{Heap before GC invocations=125 (full 10):
 PSYoungGen      total 14336K, used 13719K [0x00000000eab00000, 0x00000000ec400000, 0x0000000100000000)
  eden space 5120K, 90% used [0x00000000eab00000,0x00000000eaf86798,0x00000000eb000000)
  from space 9216K, 98% used [0x00000000eba00000,0x00000000ec2df860,0x00000000ec300000)
  to   space 10240K, 0% used [0x00000000eb000000,0x00000000eb000000,0x00000000eba00000)
 ParOldGen       total 339968K, used 294289K [0x00000000c0000000, 0x00000000d4c00000, 0x00000000eab00000)
  object space 339968K, 86% used [0x00000000c0000000,0x00000000d1f645f8,0x00000000d4c00000)
 Metaspace       used 68852K, committed 70016K, reserved 1114112K
  class space    used 7079K, committed 7552K, reserved 1048576K
}
Event: 25.014 GC heap after
{Heap after GC invocations=125 (full 10):
 PSYoungGen      total 15360K, used 10233K [0x00000000eab00000, 0x00000000ecd80000, 0x0000000100000000)
  eden space 5120K, 0% used [0x00000000eab00000,0x00000000eab00000,0x00000000eb000000)
  from space 10240K, 99% used [0x00000000eb000000,0x00000000eb9fe6c0,0x00000000eba00000)
  to   space 14848K, 0% used [0x00000000ebf00000,0x00000000ebf00000,0x00000000ecd80000)
 ParOldGen       total 339968K, used 297663K [0x00000000c0000000, 0x00000000d4c00000, 0x00000000eab00000)
  object space 339968K, 87% used [0x00000000c0000000,0x00000000d22afe50,0x00000000d4c00000)
 Metaspace       used 68852K, committed 70016K, reserved 1114112K
  class space    used 7079K, committed 7552K, reserved 1048576K
}
Event: 25.110 GC heap before
{Heap before GC invocations=126 (full 10):
 PSYoungGen      total 15360K, used 15277K [0x00000000eab00000, 0x00000000ecd80000, 0x0000000100000000)
  eden space 5120K, 98% used [0x00000000eab00000,0x00000000eafecdc8,0x00000000eb000000)
  from space 10240K, 99% used [0x00000000eb000000,0x00000000eb9fe6c0,0x00000000eba00000)
  to   space 14848K, 0% used [0x00000000ebf00000,0x00000000ebf00000,0x00000000ecd80000)
 ParOldGen       total 339968K, used 297663K [0x00000000c0000000, 0x00000000d4c00000, 0x00000000eab00000)
  object space 339968K, 87% used [0x00000000c0000000,0x00000000d22afe50,0x00000000d4c00000)
 Metaspace       used 68852K, committed 70016K, reserved 1114112K
  class space    used 7079K, committed 7552K, reserved 1048576K
}
Event: 25.122 GC heap after
{Heap after GC invocations=126 (full 10):
 PSYoungGen      total 13824K, used 7918K [0x00000000eab00000, 0x00000000ec700000, 0x0000000100000000)
  eden space 5632K, 0% used [0x00000000eab00000,0x00000000eab00000,0x00000000eb080000)
  from space 8192K, 96% used [0x00000000ebf00000,0x00000000ec6bba68,0x00000000ec700000)
  to   space 10240K, 0% used [0x00000000eb300000,0x00000000eb300000,0x00000000ebd00000)
 ParOldGen       total 339968K, used 304955K [0x00000000c0000000, 0x00000000d4c00000, 0x00000000eab00000)
  object space 339968K, 89% used [0x00000000c0000000,0x00000000d29cec58,0x00000000d4c00000)
 Metaspace       used 68852K, committed 70016K, reserved 1114112K
  class space    used 7079K, committed 7552K, reserved 1048576K
}
Event: 25.216 GC heap before
{Heap before GC invocations=127 (full 10):
 PSYoungGen      total 13824K, used 13550K [0x00000000eab00000, 0x00000000ec700000, 0x0000000100000000)
  eden space 5632K, 100% used [0x00000000eab00000,0x00000000eb080000,0x00000000eb080000)
  from space 8192K, 96% used [0x00000000ebf00000,0x00000000ec6bba68,0x00000000ec700000)
  to   space 10240K, 0% used [0x00000000eb300000,0x00000000eb300000,0x00000000ebd00000)
 ParOldGen       total 339968K, used 304955K [0x00000000c0000000, 0x00000000d4c00000, 0x00000000eab00000)
  object space 339968K, 89% used [0x00000000c0000000,0x00000000d29cec58,0x00000000d4c00000)
 Metaspace       used 68852K, committed 70016K, reserved 1114112K
  class space    used 7079K, committed 7552K, reserved 1048576K
}
Event: 25.227 GC heap after
{Heap after GC invocations=127 (full 10):
 PSYoungGen      total 16896K, used 10233K [0x00000000eab00000, 0x00000000ece80000, 0x0000000100000000)
  eden space 6656K, 0% used [0x00000000eab00000,0x00000000eab00000,0x00000000eb180000)
  from space 10240K, 99% used [0x00000000eb300000,0x00000000ebcfe6d0,0x00000000ebd00000)
  to   space 14848K, 0% used [0x00000000ec000000,0x00000000ec000000,0x00000000ece80000)
 ParOldGen       total 339968K, used 308213K [0x00000000c0000000, 0x00000000d4c00000, 0x00000000eab00000)
  object space 339968K, 90% used [0x00000000c0000000,0x00000000d2cfd638,0x00000000d4c00000)
 Metaspace       used 68852K, committed 70016K, reserved 1114112K
  class space    used 7079K, committed 7552K, reserved 1048576K
}

